#
# There is insufficient memory for the Java Runtime Environment to continue.
# Native memory allocation (malloc) failed to allocate 1048576 bytes for AllocateHeap
# Possible reasons:
#   The system is out of physical RAM or swap space
#   The process is running with CompressedOops enabled, and the Java Heap may be blocking the growth of the native heap
# Possible solutions:
#   Reduce memory load on the system
#   Increase physical memory or swap space
#   Check if swap backing store is full
#   Decrease Java heap size (-Xmx/-Xms)
#   Decrease number of Java threads
#   Decrease Java thread stack sizes (-Xss)
#   Set larger code cache with -XX:ReservedCodeCacheSize=
#   JVM is running with Unscaled Compressed Oops mode in which the Java heap is
#     placed in the first 4GB address space. The Java Heap base address is the
#     maximum limit for the native heap growth. Please use -XX:HeapBaseMinAddress
#     to set the Java Heap base and to place the Java Heap above 4GB virtual address.
# This output file may be truncated or incomplete.
#
#  Out of Memory Error (memory/allocation.inline.hpp:61), pid=9332, tid=0x000000000000235c
#
# JRE version:  (8.0_351-b10) (build )
# Java VM: Java HotSpot(TM) 64-Bit Server VM (25.351-b10 mixed mode windows-amd64 compressed oops)
# Failed to write core dump. Minidumps are not enabled by default on client versions of Windows
#

---------------  T H R E A D  ---------------

Current thread (0x000001dc0f125800):  JavaThread "Unknown thread" [_thread_in_vm, id=9052, stack(0x000000b513400000,0x000000b513500000)]

Stack: [0x000000b513400000,0x000000b513500000]
Native frames: (J=compiled Java code, j=interpreted, Vv=VM code, C=native code)
V  [jvm.dll+0x3300b9]
V  [jvm.dll+0x276632]
V  [jvm.dll+0x2772dd]
V  [jvm.dll+0x26dc85]
V  [jvm.dll+0x509d]
V  [jvm.dll+0x3d4793]
V  [jvm.dll+0x3d51a8]
V  [jvm.dll+0xfd01f]
V  [jvm.dll+0x20af3b]
V  [jvm.dll+0x239a77]
V  [jvm.dll+0x162b46]
C  [java.exe+0x2312]
C  [java.exe+0x15f54]
C  [KERNEL32.DLL+0x17034]
C  [ntdll.dll+0x4cec1]


---------------  P R O C E S S  ---------------

Java Threads: ( => current thread )

Other Threads:

=>0x000001dc0f125800 (exited) JavaThread "Unknown thread" [_thread_in_vm, id=9052, stack(0x000000b513400000,0x000000b513500000)]

VM state:not at safepoint (normal execution)

VM Mutex/Monitor currently owned by a thread: None

heap address: 0x0000000081c00000, size: 2020 MB, Compressed Oops mode: 32-bit
Narrow klass base: 0x0000000000000000, Narrow klass shift: 3
Compressed class space size: 1073741824 Address: 0x0000000100000000

Heap:
 PSYoungGen      total 38400K, used 665K [0x00000000d5f00000, 0x00000000d8980000, 0x0000000100000000)
  eden space 33280K, 2% used [0x00000000d5f00000,0x00000000d5fa6670,0x00000000d7f80000)
  from space 5120K, 0% used [0x00000000d8480000,0x00000000d8480000,0x00000000d8980000)
  to   space 5120K, 0% used [0x00000000d7f80000,0x00000000d7f80000,0x00000000d8480000)
 ParOldGen       total 87552K, used 0K [0x0000000081c00000, 0x0000000087180000, 0x00000000d5f00000)
  object space 87552K, 0% used [0x0000000081c00000,0x0000000081c00000,0x0000000087180000)
 Metaspace       used 775K, capacity 4480K, committed 4480K, reserved 1056768K
  class space    used 76K, capacity 384K, committed 384K, reserved 1048576K

Card table byte_map: [0x000001dc1ff80000,0x000001dc20380000] byte_map_base: 0x000001dc1fb72000

Marking Bits: (ParMarkBitMap*) 0x00000000539f8fd0
 Begin Bits: [0x000001dc20630000, 0x000001dc225c0000)
 End Bits:   [0x000001dc225c0000, 0x000001dc24550000)

Polling page: 0x000001dc0f0e0000

CodeCache: size=245760Kb used=329Kb max_used=329Kb free=245430Kb
 bounds [0x000001dc10bc0000, 0x000001dc10e30000, 0x000001dc1fbc0000]
 total_blobs=58 nmethods=0 adapters=38
 compilation: enabled

Compilation events (0 events):
No events

GC Heap History (0 events):
No events

Deoptimization events (0 events):
No events

Classes redefined (0 events):
No events

Internal exceptions (0 events):
No events

Events (10 events):
Event: 0.028 loading class java/lang/Short
Event: 0.028 loading class java/lang/Short done
Event: 0.028 loading class java/lang/Integer
Event: 0.028 loading class java/lang/Integer done
Event: 0.028 loading class java/lang/Long
Event: 0.028 loading class java/lang/Long done
Event: 0.029 loading class java/lang/NullPointerException
Event: 0.029 loading class java/lang/NullPointerException done
Event: 0.029 loading class java/lang/ArithmeticException
Event: 0.029 loading class java/lang/ArithmeticException done


Dynamic libraries:
0x00007ff7cef50000 - 0x00007ff7cef97000 	C:\Program Files\Java\jdk1.8.0_351\bin\java.exe
0x00007ffdc8870000 - 0x00007ffdc8a66000 	C:\Windows\SYSTEM32\ntdll.dll
0x00007ffdc7de0000 - 0x00007ffdc7e9d000 	C:\Windows\System32\KERNEL32.DLL
0x00007ffdc6000000 - 0x00007ffdc62c8000 	C:\Windows\System32\KERNELBASE.dll
0x00007ffdc69e0000 - 0x00007ffdc6a8a000 	C:\Windows\System32\ADVAPI32.dll
0x00007ffdc6a90000 - 0x00007ffdc6b2e000 	C:\Windows\System32\msvcrt.dll
0x00007ffdc7d40000 - 0x00007ffdc7ddb000 	C:\Windows\System32\sechost.dll
0x00007ffdc8250000 - 0x00007ffdc8374000 	C:\Windows\System32\RPCRT4.dll
0x00007ffdc71e0000 - 0x00007ffdc7380000 	C:\Windows\System32\USER32.dll
0x00007ffdc66e0000 - 0x00007ffdc6702000 	C:\Windows\System32\win32u.dll
0x00007ffdc74a0000 - 0x00007ffdc74ca000 	C:\Windows\System32\GDI32.dll
0x00007ffdc62d0000 - 0x00007ffdc63d9000 	C:\Windows\System32\gdi32full.dll
0x00007ffdc6640000 - 0x00007ffdc66dd000 	C:\Windows\System32\msvcp_win.dll
0x00007ffdc6540000 - 0x00007ffdc6640000 	C:\Windows\System32\ucrtbase.dll
0x00007ffdb5f20000 - 0x00007ffdb61bb000 	C:\Windows\WinSxS\amd64_microsoft.windows.common-controls_6595b64144ccf1df_6.0.19041.488_none_ca04af081b815d21\COMCTL32.dll
0x00007ffdc7150000 - 0x00007ffdc7180000 	C:\Windows\System32\IMM32.DLL
0x00007ffdad5d0000 - 0x00007ffdad5e5000 	C:\Program Files\Java\jdk1.8.0_351\jre\bin\vcruntime140.dll
0x00007ffda3b40000 - 0x00007ffda3bdb000 	C:\Program Files\Java\jdk1.8.0_351\jre\bin\msvcp140.dll
0x0000000053210000 - 0x0000000053a71000 	C:\Program Files\Java\jdk1.8.0_351\jre\bin\server\jvm.dll
0x00007ffdc8050000 - 0x00007ffdc8058000 	C:\Windows\System32\PSAPI.DLL
0x00007ffdb1190000 - 0x00007ffdb1199000 	C:\Windows\SYSTEM32\WSOCK32.dll
0x00007ffdb2df0000 - 0x00007ffdb2e17000 	C:\Windows\SYSTEM32\WINMM.dll
0x00007ffdc74d0000 - 0x00007ffdc753b000 	C:\Windows\System32\WS2_32.dll
0x00007ffdb80f0000 - 0x00007ffdb80fa000 	C:\Windows\SYSTEM32\VERSION.dll
0x00007ffdc3f70000 - 0x00007ffdc3f82000 	C:\Windows\SYSTEM32\kernel.appcore.dll
0x00007ffdb5e70000 - 0x00007ffdb5e80000 	C:\Program Files\Java\jdk1.8.0_351\jre\bin\verify.dll
0x00007ffda8b80000 - 0x00007ffda8bab000 	C:\Program Files\Java\jdk1.8.0_351\jre\bin\java.dll
0x00007ffda13f0000 - 0x00007ffda1420000 	C:\Program Files\Java\jdk1.8.0_351\jre\bin\instrument.dll
0x00007ffdac8a0000 - 0x00007ffdac8b8000 	C:\Program Files\Java\jdk1.8.0_351\jre\bin\zip.dll
0x00007ffdb5630000 - 0x00007ffdb5814000 	C:\Windows\SYSTEM32\dbghelp.dll
0x00007ffdc64c0000 - 0x00007ffdc653f000 	C:\Windows\System32\bcryptPrimitives.dll

VM Arguments:
jvm_args: -javaagent:C:\Program Files\JetBrains\IntelliJ IDEA 2021.1.3\lib\idea_rt.jar=52581:C:\Program Files\JetBrains\IntelliJ IDEA 2021.1.3\bin -Dfile.encoding=UTF-8 
java_command: Leetcode268
java_class_path (initial): C:\Program Files\Java\jdk1.8.0_351\jre\lib\charsets.jar;C:\Program Files\Java\jdk1.8.0_351\jre\lib\deploy.jar;C:\Program Files\Java\jdk1.8.0_351\jre\lib\ext\access-bridge-64.jar;C:\Program Files\Java\jdk1.8.0_351\jre\lib\ext\cldrdata.jar;C:\Program Files\Java\jdk1.8.0_351\jre\lib\ext\dnsns.jar;C:\Program Files\Java\jdk1.8.0_351\jre\lib\ext\jaccess.jar;C:\Program Files\Java\jdk1.8.0_351\jre\lib\ext\jfxrt.jar;C:\Program Files\Java\jdk1.8.0_351\jre\lib\ext\localedata.jar;C:\Program Files\Java\jdk1.8.0_351\jre\lib\ext\nashorn.jar;C:\Program Files\Java\jdk1.8.0_351\jre\lib\ext\sunec.jar;C:\Program Files\Java\jdk1.8.0_351\jre\lib\ext\sunjce_provider.jar;C:\Program Files\Java\jdk1.8.0_351\jre\lib\ext\sunmscapi.jar;C:\Program Files\Java\jdk1.8.0_351\jre\lib\ext\sunpkcs11.jar;C:\Program Files\Java\jdk1.8.0_351\jre\lib\ext\zipfs.jar;C:\Program Files\Java\jdk1.8.0_351\jre\lib\javaws.jar;C:\Program Files\Java\jdk1.8.0_351\jre\lib\jce.jar;C:\Program Files\Java\jdk1.8.0_351\jre\lib\jfr.jar;C:\Program Files\Java\jdk1.8.0_351\jre\lib\jfxswt.jar;C:\Program Files\Java\jdk1.8.0_351\jre\lib\jsse.jar;C:\Program Files\Java\jdk1.8.0_351\jre\lib\management-agent.jar;C:\Program Files\Java\jdk1.8.0_351\jre\lib\plugin.jar;C:\Program Files\Java\jdk1.8.0_351\jre\lib\resources.jar;C:\Program Files\Java\jdk1.8.0_351\jre\lib\rt.jar;C:\Users\Hai Nguyen\IdeaProjects\ex4\out\production\ex4;C:\Program Files\JetBrains\IntelliJ IDEA 2021.1.3\lib\idea_rt.jar
Launcher Type: SUN_STANDARD

Environment Variables:
PATH=C:\Program Files (x86)\Common Files\Oracle\Java\javapath;C:\Windows\system32;C:\Windows;C:\Windows\System32\Wbem;C:\Windows\System32\WindowsPowerShell\v1.0\;C:\Program Files\Git\cmd;C:\Users\Hai Nguyen\AppData\Local\Microsoft\WindowsApps;C:\Users\Hai Nguyen\AppData\Local\GitHubDesktop\bin;C:\Users\Hai Nguyen\AppData\Local\Programs\Microsoft VS Code\bin
USERNAME=Hai Nguyen
OS=Windows_NT
PROCESSOR_IDENTIFIER=Intel64 Family 6 Model 78 Stepping 3, GenuineIntel



---------------  S Y S T E M  ---------------

OS: Windows 10 , 64 bit Build 19041 (10.0.19041.546)

CPU:total 4 (initial active 4) (2 cores per cpu, 2 threads per core) family 6 model 78 stepping 3, cmov, cx8, fxsr, mmx, sse, sse2, sse3, ssse3, sse4.1, sse4.2, popcnt, avx, avx2, aes, clmul, erms, rtm, 3dnowpref, lzcnt, ht, tsc, tscinvbit, bmi1, bmi2, adx

Memory: 4k page, physical 8266340k(864748k free), swap 8266340k(5556k free)

vm_info: Java HotSpot(TM) 64-Bit Server VM (25.351-b10) for windows-amd64 JRE (1.8.0_351-b10), built on Sep 15 2022 02:58:06 by "java_re" with MS VC++ 15.9 (VS2017)

time: Fri Dec 30 14:21:14 2022
timezone: SE Asia Standard Time
elapsed time: 0.057202 seconds (0d 0h 0m 0s)

